{"/surviving-data/code/color-hash/lib/bkdr-hash.js":{"path":"/surviving-data/code/color-hash/lib/bkdr-hash.js","s":{"1":1,"2":8,"3":8,"4":8,"5":8,"6":8,"7":8,"8":360014,"9":356706,"10":360014,"11":8,"12":1},"b":{"1":[356706,3308]},"f":{"1":8},"fnMap":{"1":{"name":"(anonymous_1)","line":7,"loc":{"start":{"line":7,"column":15},"end":{"line":7,"column":29}}}},"statementMap":{"1":{"start":{"line":7,"column":0},"end":{"line":22,"column":2}},"2":{"start":{"line":8,"column":4},"end":{"line":8,"column":19}},"3":{"start":{"line":9,"column":4},"end":{"line":9,"column":20}},"4":{"start":{"line":10,"column":4},"end":{"line":10,"column":17}},"5":{"start":{"line":12,"column":4},"end":{"line":12,"column":15}},"6":{"start":{"line":14,"column":4},"end":{"line":14,"column":62}},"7":{"start":{"line":15,"column":4},"end":{"line":20,"column":5}},"8":{"start":{"line":16,"column":8},"end":{"line":18,"column":9}},"9":{"start":{"line":17,"column":12},"end":{"line":17,"column":42}},"10":{"start":{"line":19,"column":8},"end":{"line":19,"column":47}},"11":{"start":{"line":21,"column":4},"end":{"line":21,"column":16}},"12":{"start":{"line":24,"column":0},"end":{"line":24,"column":26}}},"branchMap":{"1":{"line":16,"type":"if","locations":[{"start":{"line":16,"column":8},"end":{"line":16,"column":8}},{"start":{"line":16,"column":8},"end":{"line":16,"column":8}}]}}},"/surviving-data/code/color-hash/lib/color-hash.js":{"path":"/surviving-data/code/color-hash/lib/color-hash.js","s":{"1":2,"2":2,"3":4,"4":4,"5":12,"6":3,"7":12,"8":4,"9":2,"10":7,"11":7,"12":7,"13":7,"14":21,"15":1,"16":21,"17":4,"18":21,"19":5,"20":16,"21":7,"22":9,"23":1,"24":8,"25":21,"26":1,"27":78937,"28":2,"29":26314,"30":26314,"31":52628,"32":52628,"33":26314,"34":26314,"35":26314,"36":1,"37":26314,"38":25,"39":26314,"40":5,"41":26314,"42":24840,"43":26314,"44":2,"45":26316,"46":26316,"47":26316,"48":22720,"49":22720,"50":22720,"51":3596,"52":26316,"53":26316,"54":26316,"55":26316,"56":26316,"57":2,"58":2,"59":2,"60":2,"61":1,"62":1,"63":2},"b":{"1":[3,9],"2":[4,3],"3":[1,20],"4":[4,17],"5":[5,16],"6":[7,9],"7":[1,8],"8":[26314,1],"9":[52628,52624],"10":[52626,2],"11":[1,26313],"12":[25,26289],"13":[26314,26309],"14":[5,26309],"15":[110,24730],"16":[110,24730],"17":[26314,3],"18":[22720,3596]},"f":{"1":4,"2":12,"3":7,"4":21,"5":78937,"6":26314,"7":52628,"8":24840,"9":26316,"10":2,"11":1},"fnMap":{"1":{"name":"(anonymous_1)","line":9,"loc":{"start":{"line":9,"column":14},"end":{"line":9,"column":33}}},"2":{"name":"(anonymous_2)","line":11,"loc":{"start":{"line":11,"column":21},"end":{"line":11,"column":37}}},"3":{"name":"(anonymous_3)","line":29,"loc":{"start":{"line":29,"column":14},"end":{"line":29,"column":32}}},"4":{"name":"(anonymous_4)","line":35,"loc":{"start":{"line":35,"column":37},"end":{"line":35,"column":53}}},"5":{"name":"isArray","line":55,"loc":{"start":{"line":55,"column":0},"end":{"line":55,"column":20}}},"6":{"name":"(anonymous_6)","line":64,"loc":{"start":{"line":64,"column":16},"end":{"line":64,"column":34}}},"7":{"name":"(anonymous_7)","line":67,"loc":{"start":{"line":67,"column":57},"end":{"line":67,"column":73}}},"8":{"name":"(anonymous_8)","line":84,"loc":{"start":{"line":84,"column":37},"end":{"line":84,"column":54}}},"9":{"name":"(anonymous_9)","line":101,"loc":{"start":{"line":101,"column":26},"end":{"line":101,"column":40}}},"10":{"name":"(anonymous_10)","line":127,"loc":{"start":{"line":127,"column":26},"end":{"line":127,"column":40}}},"11":{"name":"(anonymous_11)","line":138,"loc":{"start":{"line":138,"column":26},"end":{"line":138,"column":40}}}},"statementMap":{"1":{"start":{"line":1,"column":0},"end":{"line":1,"column":38}},"2":{"start":{"line":9,"column":0},"end":{"line":18,"column":2}},"3":{"start":{"line":10,"column":4},"end":{"line":10,"column":18}},"4":{"start":{"line":11,"column":4},"end":{"line":16,"column":7}},"5":{"start":{"line":12,"column":8},"end":{"line":14,"column":9}},"6":{"start":{"line":13,"column":12},"end":{"line":13,"column":21}},"7":{"start":{"line":15,"column":8},"end":{"line":15,"column":34}},"8":{"start":{"line":17,"column":4},"end":{"line":17,"column":15}},"9":{"start":{"line":29,"column":0},"end":{"line":53,"column":2}},"10":{"start":{"line":30,"column":4},"end":{"line":30,"column":13}},"11":{"start":{"line":32,"column":4},"end":{"line":32,"column":50}},"12":{"start":{"line":33,"column":4},"end":{"line":33,"column":22}},"13":{"start":{"line":35,"column":4},"end":{"line":52,"column":7}},"14":{"start":{"line":36,"column":8},"end":{"line":38,"column":9}},"15":{"start":{"line":37,"column":12},"end":{"line":37,"column":20}},"16":{"start":{"line":39,"column":8},"end":{"line":41,"column":9}},"17":{"start":{"line":40,"column":12},"end":{"line":40,"column":20}},"18":{"start":{"line":42,"column":8},"end":{"line":50,"column":9}},"19":{"start":{"line":43,"column":12},"end":{"line":43,"column":44}},"20":{"start":{"line":44,"column":15},"end":{"line":50,"column":9}},"21":{"start":{"line":45,"column":12},"end":{"line":45,"column":22}},"22":{"start":{"line":46,"column":15},"end":{"line":50,"column":9}},"23":{"start":{"line":47,"column":12},"end":{"line":47,"column":52}},"24":{"start":{"line":49,"column":12},"end":{"line":49,"column":22}},"25":{"start":{"line":51,"column":8},"end":{"line":51,"column":39}},"26":{"start":{"line":55,"column":0},"end":{"line":57,"column":1}},"27":{"start":{"line":56,"column":4},"end":{"line":56,"column":66}},"28":{"start":{"line":64,"column":0},"end":{"line":92,"column":2}},"29":{"start":{"line":65,"column":4},"end":{"line":65,"column":28}},"30":{"start":{"line":67,"column":4},"end":{"line":70,"column":7}},"31":{"start":{"line":68,"column":8},"end":{"line":68,"column":43}},"32":{"start":{"line":69,"column":8},"end":{"line":69,"column":57}},"33":{"start":{"line":72,"column":4},"end":{"line":72,"column":19}},"34":{"start":{"line":73,"column":4},"end":{"line":73,"column":19}},"35":{"start":{"line":75,"column":4},"end":{"line":77,"column":5}},"36":{"start":{"line":76,"column":8},"end":{"line":76,"column":59}},"37":{"start":{"line":78,"column":4},"end":{"line":80,"column":5}},"38":{"start":{"line":79,"column":8},"end":{"line":79,"column":36}},"39":{"start":{"line":81,"column":4},"end":{"line":83,"column":5}},"40":{"start":{"line":82,"column":8},"end":{"line":82,"column":25}},"41":{"start":{"line":84,"column":4},"end":{"line":89,"column":7}},"42":{"start":{"line":85,"column":8},"end":{"line":88,"column":10}},"43":{"start":{"line":91,"column":4},"end":{"line":91,"column":41}},"44":{"start":{"line":101,"column":0},"end":{"line":118,"column":2}},"45":{"start":{"line":102,"column":4},"end":{"line":102,"column":16}},"46":{"start":{"line":103,"column":4},"end":{"line":103,"column":30}},"47":{"start":{"line":105,"column":4},"end":{"line":111,"column":5}},"48":{"start":{"line":106,"column":8},"end":{"line":106,"column":65}},"49":{"start":{"line":107,"column":8},"end":{"line":107,"column":32}},"50":{"start":{"line":108,"column":8},"end":{"line":108,"column":115}},"51":{"start":{"line":110,"column":8},"end":{"line":110,"column":23}},"52":{"start":{"line":112,"column":4},"end":{"line":112,"column":32}},"53":{"start":{"line":113,"column":4},"end":{"line":113,"column":37}},"54":{"start":{"line":114,"column":4},"end":{"line":114,"column":42}},"55":{"start":{"line":115,"column":4},"end":{"line":115,"column":37}},"56":{"start":{"line":117,"column":4},"end":{"line":117,"column":21}},"57":{"start":{"line":127,"column":0},"end":{"line":130,"column":2}},"58":{"start":{"line":128,"column":4},"end":{"line":128,"column":28}},"59":{"start":{"line":129,"column":4},"end":{"line":129,"column":36}},"60":{"start":{"line":138,"column":0},"end":{"line":141,"column":2}},"61":{"start":{"line":139,"column":4},"end":{"line":139,"column":28}},"62":{"start":{"line":140,"column":4},"end":{"line":140,"column":24}},"63":{"start":{"line":143,"column":0},"end":{"line":143,"column":27}}},"branchMap":{"1":{"line":12,"type":"if","locations":[{"start":{"line":12,"column":8},"end":{"line":12,"column":8}},{"start":{"line":12,"column":8},"end":{"line":12,"column":8}}]},"2":{"line":32,"type":"cond-expr","locations":[{"start":{"line":32,"column":22},"end":{"line":32,"column":33}},{"start":{"line":32,"column":36},"end":{"line":32,"column":49}}]},"3":{"line":36,"type":"if","locations":[{"start":{"line":36,"column":8},"end":{"line":36,"column":8}},{"start":{"line":36,"column":8},"end":{"line":36,"column":8}}]},"4":{"line":39,"type":"if","locations":[{"start":{"line":39,"column":8},"end":{"line":39,"column":8}},{"start":{"line":39,"column":8},"end":{"line":39,"column":8}}]},"5":{"line":42,"type":"if","locations":[{"start":{"line":42,"column":8},"end":{"line":42,"column":8}},{"start":{"line":42,"column":8},"end":{"line":42,"column":8}}]},"6":{"line":44,"type":"if","locations":[{"start":{"line":44,"column":15},"end":{"line":44,"column":15}},{"start":{"line":44,"column":15},"end":{"line":44,"column":15}}]},"7":{"line":46,"type":"if","locations":[{"start":{"line":46,"column":15},"end":{"line":46,"column":15}},{"start":{"line":46,"column":15},"end":{"line":46,"column":15}}]},"8":{"line":65,"type":"binary-expr","locations":[{"start":{"line":65,"column":14},"end":{"line":65,"column":21}},{"start":{"line":65,"column":25},"end":{"line":65,"column":27}}]},"9":{"line":68,"type":"binary-expr","locations":[{"start":{"line":68,"column":16},"end":{"line":68,"column":21}},{"start":{"line":68,"column":25},"end":{"line":68,"column":42}}]},"10":{"line":69,"type":"cond-expr","locations":[{"start":{"line":69,"column":32},"end":{"line":69,"column":46}},{"start":{"line":69,"column":49},"end":{"line":69,"column":56}}]},"11":{"line":75,"type":"if","locations":[{"start":{"line":75,"column":4},"end":{"line":75,"column":4}},{"start":{"line":75,"column":4},"end":{"line":75,"column":4}}]},"12":{"line":78,"type":"if","locations":[{"start":{"line":78,"column":4},"end":{"line":78,"column":4}},{"start":{"line":78,"column":4},"end":{"line":78,"column":4}}]},"13":{"line":78,"type":"binary-expr","locations":[{"start":{"line":78,"column":8},"end":{"line":78,"column":39}},{"start":{"line":78,"column":43},"end":{"line":78,"column":64}}]},"14":{"line":81,"type":"if","locations":[{"start":{"line":81,"column":4},"end":{"line":81,"column":4}},{"start":{"line":81,"column":4},"end":{"line":81,"column":4}}]},"15":{"line":86,"type":"cond-expr","locations":[{"start":{"line":86,"column":52},"end":{"line":86,"column":53}},{"start":{"line":86,"column":56},"end":{"line":86,"column":65}}]},"16":{"line":87,"type":"cond-expr","locations":[{"start":{"line":87,"column":52},"end":{"line":87,"column":55}},{"start":{"line":87,"column":57},"end":{"line":87,"column":66}}]},"17":{"line":91,"type":"binary-expr","locations":[{"start":{"line":91,"column":16},"end":{"line":91,"column":28}},{"start":{"line":91,"column":32},"end":{"line":91,"column":40}}]},"18":{"line":105,"type":"if","locations":[{"start":{"line":105,"column":4},"end":{"line":105,"column":4}},{"start":{"line":105,"column":4},"end":{"line":105,"column":4}}]}}}}