{"/home/zenozeng/home/code/color-hash/lib/bkdr-hash.js":{"path":"/home/zenozeng/home/code/color-hash/lib/bkdr-hash.js","s":{"1":1,"2":7,"3":7,"4":7,"5":7,"6":7,"7":7,"8":360013,"9":356706,"10":360013,"11":7,"12":1},"b":{"1":[356706,3307]},"f":{"1":7},"fnMap":{"1":{"name":"(anonymous_1)","line":7,"loc":{"start":{"line":7,"column":15},"end":{"line":7,"column":29}}}},"statementMap":{"1":{"start":{"line":7,"column":0},"end":{"line":22,"column":2}},"2":{"start":{"line":8,"column":4},"end":{"line":8,"column":19}},"3":{"start":{"line":9,"column":4},"end":{"line":9,"column":20}},"4":{"start":{"line":10,"column":4},"end":{"line":10,"column":17}},"5":{"start":{"line":12,"column":4},"end":{"line":12,"column":15}},"6":{"start":{"line":14,"column":4},"end":{"line":14,"column":62}},"7":{"start":{"line":15,"column":4},"end":{"line":20,"column":5}},"8":{"start":{"line":16,"column":8},"end":{"line":18,"column":9}},"9":{"start":{"line":17,"column":12},"end":{"line":17,"column":42}},"10":{"start":{"line":19,"column":8},"end":{"line":19,"column":47}},"11":{"start":{"line":21,"column":4},"end":{"line":21,"column":16}},"12":{"start":{"line":24,"column":0},"end":{"line":24,"column":26}}},"branchMap":{"1":{"line":16,"type":"if","locations":[{"start":{"line":16,"column":8},"end":{"line":16,"column":8}},{"start":{"line":16,"column":8},"end":{"line":16,"column":8}}]}}},"/home/zenozeng/home/code/color-hash/lib/color-hash.js":{"path":"/home/zenozeng/home/code/color-hash/lib/color-hash.js","s":{"1":2,"2":2,"3":4,"4":4,"5":4,"6":4,"7":12,"8":1,"9":12,"10":1,"11":12,"12":2,"13":10,"14":4,"15":6,"16":1,"17":5,"18":12,"19":2,"20":3,"21":3,"22":6,"23":6,"24":3,"25":3,"26":3,"27":2,"28":3,"29":3,"30":3,"31":3,"32":3,"33":3,"34":3,"35":3,"36":2,"37":0,"38":0,"39":2,"40":0,"41":0,"42":2},"b":{"1":[1,3],"2":[1,11],"3":[1,11],"4":[2,10],"5":[4,6],"6":[1,5],"7":[3,0],"8":[6,2],"9":[4,2],"10":[3,2]},"f":{"1":4,"2":12,"3":3,"4":6,"5":3,"6":0,"7":0},"fnMap":{"1":{"name":"(anonymous_1)","line":12,"loc":{"start":{"line":12,"column":14},"end":{"line":12,"column":32}}},"2":{"name":"(anonymous_2)","line":18,"loc":{"start":{"line":18,"column":37},"end":{"line":18,"column":53}}},"3":{"name":"(anonymous_3)","line":43,"loc":{"start":{"line":43,"column":16},"end":{"line":43,"column":34}}},"4":{"name":"(anonymous_4)","line":46,"loc":{"start":{"line":46,"column":57},"end":{"line":46,"column":73}}},"5":{"name":"(anonymous_5)","line":64,"loc":{"start":{"line":64,"column":26},"end":{"line":64,"column":40}}},"6":{"name":"(anonymous_6)","line":84,"loc":{"start":{"line":84,"column":26},"end":{"line":84,"column":40}}},"7":{"name":"(anonymous_7)","line":95,"loc":{"start":{"line":95,"column":26},"end":{"line":95,"column":40}}}},"statementMap":{"1":{"start":{"line":1,"column":0},"end":{"line":1,"column":38}},"2":{"start":{"line":12,"column":0},"end":{"line":36,"column":2}},"3":{"start":{"line":13,"column":4},"end":{"line":13,"column":13}},"4":{"start":{"line":15,"column":4},"end":{"line":15,"column":50}},"5":{"start":{"line":16,"column":4},"end":{"line":16,"column":22}},"6":{"start":{"line":18,"column":4},"end":{"line":35,"column":7}},"7":{"start":{"line":19,"column":8},"end":{"line":21,"column":9}},"8":{"start":{"line":20,"column":12},"end":{"line":20,"column":20}},"9":{"start":{"line":22,"column":8},"end":{"line":24,"column":9}},"10":{"start":{"line":23,"column":12},"end":{"line":23,"column":20}},"11":{"start":{"line":25,"column":8},"end":{"line":33,"column":9}},"12":{"start":{"line":26,"column":12},"end":{"line":26,"column":44}},"13":{"start":{"line":27,"column":15},"end":{"line":33,"column":9}},"14":{"start":{"line":28,"column":12},"end":{"line":28,"column":22}},"15":{"start":{"line":29,"column":15},"end":{"line":33,"column":9}},"16":{"start":{"line":30,"column":12},"end":{"line":30,"column":52}},"17":{"start":{"line":32,"column":12},"end":{"line":32,"column":22}},"18":{"start":{"line":34,"column":8},"end":{"line":34,"column":39}},"19":{"start":{"line":43,"column":0},"end":{"line":55,"column":2}},"20":{"start":{"line":44,"column":4},"end":{"line":44,"column":28}},"21":{"start":{"line":46,"column":4},"end":{"line":49,"column":7}},"22":{"start":{"line":47,"column":8},"end":{"line":47,"column":43}},"23":{"start":{"line":48,"column":8},"end":{"line":48,"column":101}},"24":{"start":{"line":51,"column":4},"end":{"line":51,"column":19}},"25":{"start":{"line":52,"column":4},"end":{"line":52,"column":19}},"26":{"start":{"line":54,"column":4},"end":{"line":54,"column":41}},"27":{"start":{"line":64,"column":0},"end":{"line":75,"column":2}},"28":{"start":{"line":65,"column":4},"end":{"line":65,"column":16}},"29":{"start":{"line":66,"column":4},"end":{"line":66,"column":30}},"30":{"start":{"line":68,"column":4},"end":{"line":68,"column":19}},"31":{"start":{"line":69,"column":4},"end":{"line":69,"column":32}},"32":{"start":{"line":70,"column":4},"end":{"line":70,"column":37}},"33":{"start":{"line":71,"column":4},"end":{"line":71,"column":42}},"34":{"start":{"line":72,"column":4},"end":{"line":72,"column":37}},"35":{"start":{"line":74,"column":4},"end":{"line":74,"column":21}},"36":{"start":{"line":84,"column":0},"end":{"line":87,"column":2}},"37":{"start":{"line":85,"column":4},"end":{"line":85,"column":28}},"38":{"start":{"line":86,"column":4},"end":{"line":86,"column":36}},"39":{"start":{"line":95,"column":0},"end":{"line":98,"column":2}},"40":{"start":{"line":96,"column":4},"end":{"line":96,"column":28}},"41":{"start":{"line":97,"column":4},"end":{"line":97,"column":81}},"42":{"start":{"line":100,"column":0},"end":{"line":100,"column":27}}},"branchMap":{"1":{"line":15,"type":"cond-expr","locations":[{"start":{"line":15,"column":22},"end":{"line":15,"column":33}},{"start":{"line":15,"column":36},"end":{"line":15,"column":49}}]},"2":{"line":19,"type":"if","locations":[{"start":{"line":19,"column":8},"end":{"line":19,"column":8}},{"start":{"line":19,"column":8},"end":{"line":19,"column":8}}]},"3":{"line":22,"type":"if","locations":[{"start":{"line":22,"column":8},"end":{"line":22,"column":8}},{"start":{"line":22,"column":8},"end":{"line":22,"column":8}}]},"4":{"line":25,"type":"if","locations":[{"start":{"line":25,"column":8},"end":{"line":25,"column":8}},{"start":{"line":25,"column":8},"end":{"line":25,"column":8}}]},"5":{"line":27,"type":"if","locations":[{"start":{"line":27,"column":15},"end":{"line":27,"column":15}},{"start":{"line":27,"column":15},"end":{"line":27,"column":15}}]},"6":{"line":29,"type":"if","locations":[{"start":{"line":29,"column":15},"end":{"line":29,"column":15}},{"start":{"line":29,"column":15},"end":{"line":29,"column":15}}]},"7":{"line":44,"type":"binary-expr","locations":[{"start":{"line":44,"column":14},"end":{"line":44,"column":21}},{"start":{"line":44,"column":25},"end":{"line":44,"column":27}}]},"8":{"line":47,"type":"binary-expr","locations":[{"start":{"line":47,"column":16},"end":{"line":47,"column":21}},{"start":{"line":47,"column":25},"end":{"line":47,"column":42}}]},"9":{"line":48,"type":"cond-expr","locations":[{"start":{"line":48,"column":76},"end":{"line":48,"column":90}},{"start":{"line":48,"column":93},"end":{"line":48,"column":100}}]},"10":{"line":54,"type":"binary-expr","locations":[{"start":{"line":54,"column":16},"end":{"line":54,"column":28}},{"start":{"line":54,"column":32},"end":{"line":54,"column":40}}]}}}}