TN:
SF:/home/zenozeng/home/code/color-hash/lib/bkdr-hash.js
FN:7,(anonymous_1)
FNF:1
FNH:1
FNDA:8,(anonymous_1)
DA:7,1
DA:8,8
DA:9,8
DA:10,8
DA:12,8
DA:14,8
DA:15,8
DA:16,360014
DA:17,356706
DA:19,360014
DA:21,8
DA:24,1
LF:12
LH:12
BRDA:16,1,0,356706
BRDA:16,1,1,3308
BRF:2
BRH:2
end_of_record
TN:
SF:/home/zenozeng/home/code/color-hash/lib/color-hash.js
FN:9,(anonymous_1)
FN:11,(anonymous_2)
FN:29,(anonymous_3)
FN:35,(anonymous_4)
FN:60,(anonymous_5)
FN:63,(anonymous_6)
FN:81,(anonymous_7)
FN:101,(anonymous_8)
FN:112,(anonymous_9)
FNF:9
FNH:9
FNDA:4,(anonymous_1)
FNDA:12,(anonymous_2)
FNDA:7,(anonymous_3)
FNDA:21,(anonymous_4)
FNDA:4,(anonymous_5)
FNDA:8,(anonymous_6)
FNDA:6,(anonymous_7)
FNDA:2,(anonymous_8)
FNDA:1,(anonymous_9)
DA:1,2
DA:9,2
DA:10,4
DA:11,4
DA:12,12
DA:13,3
DA:15,12
DA:17,4
DA:29,2
DA:30,7
DA:32,7
DA:33,7
DA:35,7
DA:36,21
DA:37,1
DA:39,21
DA:40,4
DA:42,21
DA:43,5
DA:44,16
DA:45,7
DA:46,9
DA:47,1
DA:49,8
DA:51,21
DA:60,2
DA:61,4
DA:63,4
DA:64,8
DA:65,8
DA:68,4
DA:69,4
DA:71,4
DA:81,2
DA:82,6
DA:83,6
DA:85,6
DA:86,6
DA:87,6
DA:88,6
DA:89,6
DA:91,6
DA:101,2
DA:102,2
DA:103,2
DA:112,2
DA:113,1
DA:114,1
DA:117,2
LF:49
LH:49
BRDA:12,1,0,3
BRDA:12,1,1,9
BRDA:32,2,0,4
BRDA:32,2,1,3
BRDA:36,3,0,1
BRDA:36,3,1,20
BRDA:39,4,0,4
BRDA:39,4,1,17
BRDA:42,5,0,5
BRDA:42,5,1,16
BRDA:44,6,0,7
BRDA:44,6,1,9
BRDA:46,7,0,1
BRDA:46,7,1,8
BRDA:61,8,0,4
BRDA:61,8,1,1
BRDA:64,9,0,8
BRDA:64,9,1,4
BRDA:65,10,0,6
BRDA:65,10,1,2
BRDA:71,11,0,4
BRDA:71,11,1,3
BRF:22
BRH:22
end_of_record
