TN:
SF:/home/zenozeng/home/code/color-hash/lib/bkdr-hash.js
FN:7,(anonymous_1)
FNF:1
FNH:1
FNDA:7,(anonymous_1)
DA:7,1
DA:8,7
DA:9,7
DA:10,7
DA:12,7
DA:14,7
DA:15,7
DA:16,360013
DA:17,356706
DA:19,360013
DA:21,7
DA:24,1
LF:12
LH:12
BRDA:16,1,0,356706
BRDA:16,1,1,3307
BRF:2
BRH:2
end_of_record
TN:
SF:/home/zenozeng/home/code/color-hash/lib/color-hash.js
FN:12,(anonymous_1)
FN:18,(anonymous_2)
FN:43,(anonymous_3)
FN:46,(anonymous_4)
FN:64,(anonymous_5)
FN:84,(anonymous_6)
FN:95,(anonymous_7)
FNF:7
FNH:5
FNDA:4,(anonymous_1)
FNDA:12,(anonymous_2)
FNDA:3,(anonymous_3)
FNDA:6,(anonymous_4)
FNDA:3,(anonymous_5)
FNDA:0,(anonymous_6)
FNDA:0,(anonymous_7)
DA:1,2
DA:12,2
DA:13,4
DA:15,4
DA:16,4
DA:18,4
DA:19,12
DA:20,1
DA:22,12
DA:23,1
DA:25,12
DA:26,2
DA:27,10
DA:28,4
DA:29,6
DA:30,1
DA:32,5
DA:34,12
DA:43,2
DA:44,3
DA:46,3
DA:47,6
DA:48,6
DA:51,3
DA:52,3
DA:54,3
DA:64,2
DA:65,3
DA:66,3
DA:68,3
DA:69,3
DA:70,3
DA:71,3
DA:72,3
DA:74,3
DA:84,2
DA:85,0
DA:86,0
DA:95,2
DA:96,0
DA:97,0
DA:100,2
LF:42
LH:38
BRDA:15,1,0,1
BRDA:15,1,1,3
BRDA:19,2,0,1
BRDA:19,2,1,11
BRDA:22,3,0,1
BRDA:22,3,1,11
BRDA:25,4,0,2
BRDA:25,4,1,10
BRDA:27,5,0,4
BRDA:27,5,1,6
BRDA:29,6,0,1
BRDA:29,6,1,5
BRDA:44,7,0,3
BRDA:44,7,1,0
BRDA:47,8,0,6
BRDA:47,8,1,2
BRDA:48,9,0,4
BRDA:48,9,1,2
BRDA:54,10,0,3
BRDA:54,10,1,2
BRF:20
BRH:19
end_of_record
